0 info it worked if it ends with ok
1 verbose cli [ 'node', '/usr/local/bin/npm', 'install', 'gitbook-cli', '-g' ]
2 info using npm@1.4.28
3 info using node@v0.10.35
4 verbose cache add [ 'gitbook-cli', null ]
5 verbose cache add name=undefined spec="gitbook-cli" args=["gitbook-cli",null]
6 verbose parsed url { protocol: null,
6 verbose parsed url   slashes: null,
6 verbose parsed url   auth: null,
6 verbose parsed url   host: null,
6 verbose parsed url   port: null,
6 verbose parsed url   hostname: null,
6 verbose parsed url   hash: null,
6 verbose parsed url   search: null,
6 verbose parsed url   query: null,
6 verbose parsed url   pathname: 'gitbook-cli',
6 verbose parsed url   path: 'gitbook-cli',
6 verbose parsed url   href: 'gitbook-cli' }
7 silly lockFile bdc2bae0-gitbook-cli gitbook-cli
8 verbose lock gitbook-cli /Users/mark/.npm/bdc2bae0-gitbook-cli.lock
9 silly lockFile bdc2bae0-gitbook-cli gitbook-cli
10 silly lockFile bdc2bae0-gitbook-cli gitbook-cli
11 verbose addNamed [ 'gitbook-cli', '' ]
12 verbose addNamed [ null, '*' ]
13 silly lockFile 3f216d15-gitbook-cli gitbook-cli@
14 verbose lock gitbook-cli@ /Users/mark/.npm/3f216d15-gitbook-cli.lock
15 silly addNameRange { name: 'gitbook-cli', range: '*', hasData: false }
16 verbose request where is /gitbook-cli
17 verbose request registry https://registry.npmjs.org/
18 verbose request id 62985ebb558aa179
19 verbose url raw /gitbook-cli
20 verbose url resolving [ 'https://registry.npmjs.org/', './gitbook-cli' ]
21 verbose url resolved https://registry.npmjs.org/gitbook-cli
22 verbose request where is https://registry.npmjs.org/gitbook-cli
23 info trying registry request attempt 1 at 00:38:02
24 http GET https://registry.npmjs.org/gitbook-cli
25 http 200 https://registry.npmjs.org/gitbook-cli
26 silly registry.get cb [ 200,
26 silly registry.get   { date: 'Sun, 29 Mar 2015 16:38:03 GMT',
26 silly registry.get     server: 'CouchDB/1.5.0 (Erlang OTP/R16B03)',
26 silly registry.get     etag: '"1FJX1SJ7U3LBNLZO6ZTOSJUBP"',
26 silly registry.get     'content-type': 'application/json',
26 silly registry.get     'cache-control': 'max-age=60',
26 silly registry.get     'content-length': '8755',
26 silly registry.get     'accept-ranges': 'bytes',
26 silly registry.get     via: '1.1 varnish',
26 silly registry.get     age: '0',
26 silly registry.get     'x-served-by': 'cache-nrt6124-NRT',
26 silly registry.get     'x-cache': 'HIT',
26 silly registry.get     'x-cache-hits': '1',
26 silly registry.get     'x-timer': 'S1427647082.427777,VS0,VE715',
26 silly registry.get     vary: 'Accept',
26 silly registry.get     'keep-alive': 'timeout=10, max=50',
26 silly registry.get     connection: 'Keep-Alive' } ]
27 silly addNameRange number 2 { name: 'gitbook-cli', range: '*', hasData: true }
28 silly addNameRange versions [ 'gitbook-cli',
28 silly addNameRange   [ '0.1.0', '0.2.0', '0.3.0', '0.3.1', '0.3.2' ] ]
29 verbose addNamed [ 'gitbook-cli', '0.3.2' ]
30 verbose addNamed [ '0.3.2', '0.3.2' ]
31 silly lockFile 73a6b65e-gitbook-cli-0-3-2 gitbook-cli@0.3.2
32 verbose lock gitbook-cli@0.3.2 /Users/mark/.npm/73a6b65e-gitbook-cli-0-3-2.lock
33 silly lockFile 04aaf107-itbook-cli-gitbook-cli-0-3-2-tgz https://registry.npmjs.org/gitbook-cli/-/gitbook-cli-0.3.2.tgz
34 verbose lock https://registry.npmjs.org/gitbook-cli/-/gitbook-cli-0.3.2.tgz /Users/mark/.npm/04aaf107-itbook-cli-gitbook-cli-0-3-2-tgz.lock
35 verbose addRemoteTarball [ 'https://registry.npmjs.org/gitbook-cli/-/gitbook-cli-0.3.2.tgz',
35 verbose addRemoteTarball   'de2402f67fe73b5768b73598860fc04a77346e94' ]
36 info retry fetch attempt 1 at 00:38:03
37 verbose fetch to= /var/folders/xh/0k4bqfzn67z5229s7bvfyhrm0000gn/T/npm-2305-1Ya7j-al/registry.npmjs.org/gitbook-cli/-/gitbook-cli-0.3.2.tgz
38 http GET https://registry.npmjs.org/gitbook-cli/-/gitbook-cli-0.3.2.tgz
39 http 200 https://registry.npmjs.org/gitbook-cli/-/gitbook-cli-0.3.2.tgz
40 silly lockFile 04aaf107-itbook-cli-gitbook-cli-0-3-2-tgz https://registry.npmjs.org/gitbook-cli/-/gitbook-cli-0.3.2.tgz
41 silly lockFile 04aaf107-itbook-cli-gitbook-cli-0-3-2-tgz https://registry.npmjs.org/gitbook-cli/-/gitbook-cli-0.3.2.tgz
42 silly lockFile 73a6b65e-gitbook-cli-0-3-2 gitbook-cli@0.3.2
43 silly lockFile 73a6b65e-gitbook-cli-0-3-2 gitbook-cli@0.3.2
44 silly lockFile 3f216d15-gitbook-cli gitbook-cli@
45 silly lockFile 3f216d15-gitbook-cli gitbook-cli@
46 silly resolved [ { name: 'gitbook-cli',
46 silly resolved     version: '0.3.2',
46 silly resolved     homepage: 'https://www.gitbook.com',
46 silly resolved     description: 'CLI to generate books using gitbook',
46 silly resolved     main: 'lib/index.js',
46 silly resolved     dependencies:
46 silly resolved      { q: '1.0.1',
46 silly resolved        lodash: '2.4.1',
46 silly resolved        semver: '2.2.1',
46 silly resolved        npmi: '0.1.1',
46 silly resolved        tmp: '0.0.23',
46 silly resolved        commander: '2.6.0',
46 silly resolved        optimist: '0.6.1',
46 silly resolved        'fs-extra': '0.15.0',
46 silly resolved        'bash-color': '0.0.3',
46 silly resolved        npm: '2.4.1' },
46 silly resolved     repository:
46 silly resolved      { type: 'git',
46 silly resolved        url: 'https://github.com/GitbookIO/gitbook-cli.git' },
46 silly resolved     author: { name: 'FriendCode Inc.', email: 'contact@gitbook.com' },
46 silly resolved     license: 'Apache 2',
46 silly resolved     bugs: { url: 'https://github.com/GitbookIO/gitbook-cli/issues' },
46 silly resolved     bin: { gitbook: './bin/gitbook.js' },
46 silly resolved     contributors: [ [Object], [Object] ],
46 silly resolved     gitHead: '651c5f8129e1d63229f8776f839dbaf7edd17f0b',
46 silly resolved     _id: 'gitbook-cli@0.3.2',
46 silly resolved     scripts: {},
46 silly resolved     _shasum: 'de2402f67fe73b5768b73598860fc04a77346e94',
46 silly resolved     _from: 'gitbook-cli@',
46 silly resolved     _npmVersion: '2.1.18',
46 silly resolved     _nodeVersion: '0.10.33',
46 silly resolved     _npmUser: { name: 'samypesse', email: 'samypesse@gmail.com' },
46 silly resolved     maintainers: [ [Object] ],
46 silly resolved     dist:
46 silly resolved      { shasum: 'de2402f67fe73b5768b73598860fc04a77346e94',
46 silly resolved        tarball: 'http://registry.npmjs.org/gitbook-cli/-/gitbook-cli-0.3.2.tgz' },
46 silly resolved     directories: {},
46 silly resolved     _resolved: 'https://registry.npmjs.org/gitbook-cli/-/gitbook-cli-0.3.2.tgz' } ]
47 info install gitbook-cli@0.3.2 into /usr/local/lib
48 info installOne gitbook-cli@0.3.2
49 verbose lib/node_modules/gitbook-cli unbuild
50 verbose tar unpack /Users/mark/.npm/gitbook-cli/0.3.2/package.tgz
51 silly lockFile 735a383f-cal-lib-node-modules-gitbook-cli tar:///usr/local/lib/node_modules/gitbook-cli
52 verbose lock tar:///usr/local/lib/node_modules/gitbook-cli /Users/mark/.npm/735a383f-cal-lib-node-modules-gitbook-cli.lock
53 silly lockFile 2d5e0cda-pm-gitbook-cli-0-3-2-package-tgz tar:///Users/mark/.npm/gitbook-cli/0.3.2/package.tgz
54 verbose lock tar:///Users/mark/.npm/gitbook-cli/0.3.2/package.tgz /Users/mark/.npm/2d5e0cda-pm-gitbook-cli-0-3-2-package-tgz.lock
55 silly gunzTarPerm modes [ '755', '644' ]
56 error Error: EACCES, mkdir '/usr/local/lib/node_modules/gitbook-cli'
56 error  { [Error: EACCES, mkdir '/usr/local/lib/node_modules/gitbook-cli']
56 error   errno: 3,
56 error   code: 'EACCES',
56 error   path: '/usr/local/lib/node_modules/gitbook-cli',
56 error   fstream_type: 'Directory',
56 error   fstream_path: '/usr/local/lib/node_modules/gitbook-cli',
56 error   fstream_class: 'DirWriter',
56 error   fstream_stack:
56 error    [ '/usr/local/lib/node_modules/npm/node_modules/fstream/lib/dir-writer.js:36:23',
56 error      '/usr/local/lib/node_modules/npm/node_modules/mkdirp/index.js:46:53',
56 error      'Object.oncomplete (fs.js:108:15)' ] }
57 error Please try running this command again as root/Administrator.
58 error System Darwin 14.1.0
59 error command "node" "/usr/local/bin/npm" "install" "gitbook-cli" "-g"
60 error cwd /Users/mark/Git/Github/Programming_In_Scala_Note
61 error node -v v0.10.35
62 error npm -v 1.4.28
63 error path /usr/local/lib/node_modules/gitbook-cli
64 error fstream_path /usr/local/lib/node_modules/gitbook-cli
65 error fstream_type Directory
66 error fstream_class DirWriter
67 error code EACCES
68 error errno 3
69 error stack Error: EACCES, mkdir '/usr/local/lib/node_modules/gitbook-cli'
70 error fstream_stack /usr/local/lib/node_modules/npm/node_modules/fstream/lib/dir-writer.js:36:23
70 error fstream_stack /usr/local/lib/node_modules/npm/node_modules/mkdirp/index.js:46:53
70 error fstream_stack Object.oncomplete (fs.js:108:15)
71 verbose exit [ 3, true ]
